<?xml version="1.0" encoding="UTF-8"?>
<testsuites>
    <testcase name="should default path to an empty string" time="0.006">
        <failure message="test failure">Assertion failed</failure>
        <system-out>This is the system out</system-out>
        <system-err>This is the system error</system-err>
    </testcase>
    <testcase name="should default consolidate to true" time="0">
        <skipped />
    </testcase>
    <testcase name="should default useDotNotation to true" time="0" />
</testsuites>