<testsuites>
   <testsuite time="0.009">
      <testcase name="should default path to an empty string" time="0.006">
         <failure message="This is the error message">This is the stack trace</failure>
         <system-out>This is the system out</system-out>
         <system-err>This is the system error</system-err>
      </testcase>
      <testcase name="should default useDotNotation to true" time="0.003" />
   </testsuite>
</testsuites>