<testsuites>
   <testsuite time="15">
      <testcase name="should default path to an empty string" time="3">
         <failure message="This is the error message">This is the stack trace</failure>
         <system-out>This is the system out</system-out>
         <system-err>This is the system error</system-err>
      </testcase>
      <testcase name="should default useDotNotation to true" time="5">
         <system-out>This is the system out</system-out>
         <system-err>This is the system error</system-err>
      </testcase>
   </testsuite>
</testsuites>